TN:
SF:src/math.ts
FN:1,add
FN:5,clamp
FN:15,neverRun
FNDA:3,add
FNDA:2,clamp
FNDA:0,neverRun
FNF:3
FNH:2
BRDA:6,0,0,2
BRDA:6,0,1,0
BRDA:9,1,0,2
BRDA:9,1,1,-
BRF:4
BRH:2
DA:1,1
DA:2,3
DA:5,1
DA:6,2
DA:7,0
DA:9,2
DA:10,1
DA:12,1
DA:15,0
DA:16,0
LF:10
LH:7
end_of_record
TN:
SF:src/shapes.ts
FN:4,Rectangle.constructor
FN:9,Rectangle.area
FN:13,Rectangle.perimeter
FNDA:1,Rectangle.constructor
FNDA:1,Rectangle.area
FNDA:0,Rectangle.perimeter
FNF:3
FNH:2
DA:1,1
DA:3,1
DA:4,1
DA:7,1
DA:10,1
DA:13,1
DA:14,0
LF:7
LH:6
end_of_record
